Esc 2 entrou
Esc 2 leu 0
Esc 2 escreveu 2
Esc 0 saiu
Esc 0 entrou
Esc 0 leu 2
Esc 0 escreveu 0
Esc 0 saiu
Esc 0 entrou
Esc 0 leu 0
Esc 0 escreveu 0
Esc 0 saiu
Esc 0 entrou
Esc 0 leu 0
Esc 0 escreveu 0
Esc 0 saiu
Esc 0 entrou
Esc 0 leu 0
Esc 0 escreveu 0
Esc 0 saiu
Esc 0 entrou
Esc 0 leu 0
Esc 0 escreveu 0
Esc 0 saiu
Esc 0 entrou
Esc 0 leu 0
Esc 0 escreveu 0
Esc 0 saiu
Esc 0 entrou
Esc 0 leu 0
Esc 0 escreveu 0
Esc 0 saiu
Esc 0 entrou
Esc 0 leu 0
Esc 0 escreveu 0
Esc 0 saiu
Esc 0 entrou
Esc 0 leu 0
Esc 0 escreveu 0
Esc 0 saiu
Leit 2 entrou
Leit 2 leu 0
Leit 0 saiu
